#
# There is insufficient memory for the Java Runtime Environment to continue.
# Native memory allocation (malloc) failed to allocate 51552 bytes. Error detail: Chunk::new
# Possible reasons:
#   The system is out of physical RAM or swap space
#   This process is running with CompressedOops enabled, and the Java Heap may be blocking the growth of the native heap
# Possible solutions:
#   Reduce memory load on the system
#   Increase physical memory or swap space
#   Check if swap backing store is full
#   Decrease Java heap size (-Xmx/-Xms)
#   Decrease number of Java threads
#   Decrease Java thread stack sizes (-Xss)
#   Set larger code cache with -XX:ReservedCodeCacheSize=
#   JVM is running with Unscaled Compressed Oops mode in which the Java heap is
#     placed in the first 4GB address space. The Java Heap base address is the
#     maximum limit for the native heap growth. Please use -XX:HeapBaseMinAddress
#     to set the Java Heap base and to place the Java Heap above 4GB virtual address.
# This output file may be truncated or incomplete.
#
#  Out of Memory Error (arena.cpp:149), pid=8108, tid=15904
#
# JRE version: OpenJDK Runtime Environment (23.0.2+7) (build 23.0.2+7-58)
# Java VM: OpenJDK 64-Bit Server VM (23.0.2+7-58, mixed mode, tiered, compressed oops, compressed class ptrs, g1 gc, windows-amd64)
# No core dump will be written. Minidumps are not enabled by default on client versions of Windows
#

---------------  S U M M A R Y ------------

Command Line: -ea -Didea.test.cyclic.buffer.size=1048576 -javaagent:C:\Program Files\JetBrains\IntelliJ IDEA Community Edition 2024.3.2.1\lib\idea_rt.jar=6064:C:\Program Files\JetBrains\IntelliJ IDEA Community Edition 2024.3.2.1\bin -javaagent:C:\Users\QAH\AppData\Local\JetBrains\IdeaIC2024.3\captureAgent\debugger-agent.jar -Dkotlinx.coroutines.debug.enable.creation.stack.trace=false -Ddebugger.agent.enable.coroutines=true -Dkotlinx.coroutines.debug.enable.flows.stack.trace=true -Dkotlinx.coroutines.debug.enable.mutable.state.flows.stack.trace=true -Dfile.encoding=UTF-8 -Dsun.stdout.encoding=UTF-8 -Dsun.stderr.encoding=UTF-8 com.intellij.rt.testng.RemoteTestNGStarter -usedefaultlisteners false -socket6063 @w@C:\Users\QAH\AppData\Local\Temp\idea_working_dirs_testng.tmp -temp C:\Users\QAH\AppData\Local\Temp\idea_testng.tmp

Host: Intel(R) Core(TM) i5-6200U CPU @ 2.30GHz, 4 cores, 7G,  Windows 10 , 64 bit Build 19041 (10.0.19041.5438)
Time: Fri Apr 18 12:35:06 2025 Bangladesh Standard Time elapsed time: 0.433950 seconds (0d 0h 0m 0s)

---------------  T H R E A D  ---------------

Current thread (0x0000020b46f679b0):  JavaThread "main"             [_thread_in_vm, id=15904, stack(0x000000ae23000000,0x000000ae23100000) (1024K)]

Stack: [0x000000ae23000000,0x000000ae23100000]
Native frames: (J=compiled Java code, j=interpreted, Vv=VM code, C=native code)
V  [jvm.dll+0x6e0b99]  (no source info available)
V  [jvm.dll+0x87e2b3]  (no source info available)
V  [jvm.dll+0x88073e]  (no source info available)
V  [jvm.dll+0x880e13]  (no source info available)
V  [jvm.dll+0x27b006]  (no source info available)
V  [jvm.dll+0xbc06f]  (no source info available)
V  [jvm.dll+0xbc2cb]  (no source info available)
V  [jvm.dll+0x21a941]  (no source info available)
V  [jvm.dll+0x219b11]  (no source info available)
V  [jvm.dll+0x7f3670]  (no source info available)
V  [jvm.dll+0x7f4716]  (no source info available)
V  [jvm.dll+0x7f4d24]  (no source info available)
V  [jvm.dll+0x7f49a8]  (no source info available)
V  [jvm.dll+0x268acb]  (no source info available)
V  [jvm.dll+0x268cf6]  (no source info available)
V  [jvm.dll+0x5e20e7]  (no source info available)
V  [jvm.dll+0x5e5196]  (no source info available)
V  [jvm.dll+0x3d5dbd]  (no source info available)
V  [jvm.dll+0x3d53bd]  (no source info available)
C  0x0000020b56bd9c71  (no source info available)

The last pc belongs to invokestatic (printed below).
Java frames: (J=compiled Java code, j=interpreted, Vv=VM code)
j  jdk.internal.module.DefaultRoots.compute(Ljava/lang/module/ModuleFinder;Ljava/lang/module/ModuleFinder;)Ljava/util/Set;+52 java.base@23.0.2
j  jdk.internal.module.ModuleBootstrap.boot2()Ljava/lang/ModuleLayer;+731 java.base@23.0.2
j  jdk.internal.module.ModuleBootstrap.boot()Ljava/lang/ModuleLayer;+64 java.base@23.0.2
j  java.lang.System.initPhase2(ZZ)I+0 java.base@23.0.2
v  ~StubRoutines::call_stub 0x0000020b56bc0fcd
Lock stack of current Java thread (top to bottom):

invokestatic  184 invokestatic  [0x0000020b56bd9bc0, 0x0000020b56bd9e88]  712 bytes
[MachCode]
  0x0000020b56bd9bc0: 4883 ec08 | c5fa 1104 | 24eb 1f48 | 83ec 10c5 | fb11 0424 | eb14 4883 | ec10 4889 | 0424 48c7 
  0x0000020b56bd9be0: 4424 0800 | 0000 00eb | 0150 488b | 4dd0 410f | b755 0148 | 8b49 306b | d218 488d | 4c11 080f 
  0x0000020b56bd9c00: b659 1681 | fbb8 0000 | 000f 84bd | 0000 00bb | b800 0000 | e805 0000 | 00e9 9900 | 0000 488b 
  0x0000020b56bd9c20: d348 8d44 | 2408 4c89 | 6dc0 498b | cfc5 f877 | 4989 afb0 | 0300 0049 | 8987 a003 | 0000 4883 
  0x0000020b56bd9c40: ec20 40f6 | c40f 0f84 | 1900 0000 | 4883 ec08 | 48b8 5053 | fea9 ff7f | 0000 ffd0 | 4883 c408 
  0x0000020b56bd9c60: e90c 0000 | 0048 b850 | 53fe a9ff | 7f00 00ff | d048 83c4 | 2049 c787 | a003 0000 | 0000 0000 
  0x0000020b56bd9c80: 49c7 87b0 | 0300 0000 | 0000 0049 | c787 a803 | 0000 0000 | 0000 c5f8 | 7749 837f | 0800 0f84 
  0x0000020b56bd9ca0: 0500 0000 | e917 72fe | ff4c 8b6d | c04c 8b75 | c84e 8d74 | f500 c348 | 8b4d d041 | 0fb7 5501 
  0x0000020b56bd9cc0: 488b 4930 | 6bd2 1848 | 8d4c 1108 | 488b 1948 | 8b5b 0848 | 8b5b 0848 | 8b5b 1880 | bb31 0100 
  0x0000020b56bd9ce0: 0004 0f84 | 0d00 0000 | 4c3b bb38 | 0100 000f | 851a ffff | ff0f b651 | 1548 8b19 | 4c89 6dc0 
  0x0000020b56bd9d00: 448b ea0f | b651 1449 | bae0 4489 | aaff 7f00 | 0049 8b14 | d252 418b | d54c 8b6d | c048 8b45 
  0x0000020b56bd9d20: d848 85c0 | 0f84 1200 | 0000 4883 | 4008 0148 | 8358 0800 | 4883 c010 | 4889 45d8 | 488b 45d8 
  0x0000020b56bd9d40: 4885 c00f | 8423 0100 | 0080 78f0 | 0a0f 8519 | 0100 0048 | 83c0 084c | 8b68 f841 | 83ed 0041 
  0x0000020b56bd9d60: 83fd 020f | 8cf8 0000 | 004c 8b6b | 0845 0fb7 | 6d2e 4c2b | 2841 83ed | 014e 8b6c | ec08 4d85 
  0x0000020b56bd9d80: ed75 0ef6 | 4008 0175 | 4bf0 4883 | 4808 01eb | 4345 8b6d | 084d 8bd5 | 4c33 6808 | 49f7 c5fc 
  0x0000020b56bd9da0: ffff ff74 | 2f41 f6c5 | 0275 2948 | 8378 0800 | 741e 4883 | 7808 0174 | 174d 8bea | 4c33 6808 
  0x0000020b56bd9dc0: 49f7 c5fc | ffff ff74 | 0b48 8348 | 0802 eb04 | 4c89 6808 | 4883 c010 | 4c8b 68e8 | 4183 ed02 
  0x0000020b56bd9de0: 4183 fd02 | 0f8c 7700 | 0000 4c8b | 6b08 450f | b76d 2e4c | 2b28 4183 | ed01 4e8b | 6cec 084d 
  0x0000020b56bd9e00: 85ed 750e | f640 0801 | 754b f048 | 8348 0801 | eb43 458b | 6d08 4d8b | d54c 3368 | 0849 f7c5 
  0x0000020b56bd9e20: fcff ffff | 742f 41f6 | c502 7529 | 4883 7808 | 0074 1e48 | 8378 0801 | 7417 4d8b | ea4c 3368 
  0x0000020b56bd9e40: 0849 f7c5 | fcff ffff | 740b 4883 | 4808 02eb | 044c 8968 | 0848 83c0 | 104c 8b68 | d841 83ed 
  0x0000020b56bd9e60: 0441 c1e5 | 0349 03c5 | 4889 45d8 | 4c8d 6c24 | 0849 8bcd | 482b cd48 | c1f9 0348 | 894d f0ff 
  0x0000020b56bd9e80: 6350 660f | 1f44 0000 
[/MachCode]

---------------  P R O C E S S  ---------------

Threads class SMR info:
_java_thread_list=0x0000020b041a2c60, length=10, elements={
0x0000020b46f679b0, 0x0000020b04044a20, 0x0000020b04045740, 0x0000020b04051280,
0x0000020b04051ce0, 0x0000020b040471b0, 0x0000020b04049c20, 0x0000020b0404df90,
0x0000020b0404ea40, 0x0000020b63184790
}

Java Threads: ( => current thread )
=>0x0000020b46f679b0 JavaThread "main"                              [_thread_in_vm, id=15904, stack(0x000000ae23000000,0x000000ae23100000) (1024K)]
  0x0000020b04044a20 JavaThread "Reference Handler"          daemon [_thread_blocked, id=16352, stack(0x000000ae23900000,0x000000ae23a00000) (1024K)]
  0x0000020b04045740 JavaThread "Finalizer"                  daemon [_thread_blocked, id=8884, stack(0x000000ae23a00000,0x000000ae23b00000) (1024K)]
  0x0000020b04051280 JavaThread "Signal Dispatcher"          daemon [_thread_blocked, id=1568, stack(0x000000ae23b00000,0x000000ae23c00000) (1024K)]
  0x0000020b04051ce0 JavaThread "Attach Listener"            daemon [_thread_blocked, id=16284, stack(0x000000ae23c00000,0x000000ae23d00000) (1024K)]
  0x0000020b040471b0 JavaThread "Service Thread"             daemon [_thread_blocked, id=10128, stack(0x000000ae23d00000,0x000000ae23e00000) (1024K)]
  0x0000020b04049c20 JavaThread "Monitor Deflation Thread"   daemon [_thread_blocked, id=10960, stack(0x000000ae23e00000,0x000000ae23f00000) (1024K)]
  0x0000020b0404df90 JavaThread "C2 CompilerThread0"         daemon [_thread_blocked, id=10320, stack(0x000000ae23f00000,0x000000ae24000000) (1024K)]
  0x0000020b0404ea40 JavaThread "C1 CompilerThread0"         daemon [_thread_blocked, id=8976, stack(0x000000ae24000000,0x000000ae24100000) (1024K)]
  0x0000020b63184790 JavaThread "Common-Cleaner"             daemon [_thread_blocked, id=14544, stack(0x000000ae24100000,0x000000ae24200000) (1024K)]
Total: 10

Other Threads:
  0x0000020b63209610 VMThread "VM Thread"                           [id=10072, stack(0x000000ae23700000,0x000000ae23800000) (1024K)]
  0x0000020b63183880 WatcherThread "VM Periodic Task Thread"        [id=1572, stack(0x000000ae23600000,0x000000ae23700000) (1024K)]
  0x0000020b46fbbc10 WorkerThread "GC Thread#0"                     [id=5628, stack(0x000000ae23100000,0x000000ae23200000) (1024K)]
  0x0000020b46fcbb50 ConcurrentGCThread "G1 Main Marker"            [id=11356, stack(0x000000ae23200000,0x000000ae23300000) (1024K)]
  0x0000020b44dde940 WorkerThread "G1 Conc#0"                       [id=10148, stack(0x000000ae23300000,0x000000ae23400000) (1024K)]
  0x0000020b4701e080 ConcurrentGCThread "G1 Refine#0"               [id=680, stack(0x000000ae23400000,0x000000ae23500000) (1024K)]
  0x0000020b4701ea10 ConcurrentGCThread "G1 Service"                [id=15740, stack(0x000000ae23500000,0x000000ae23600000) (1024K)]
Total: 7

Threads with active compile tasks:
Total: 0

VM state: not at safepoint (normal execution)

VM Mutex/Monitor currently owned by a thread: None

Heap address: 0x0000000088e00000, size: 1906 MB, Compressed Oops mode: 32-bit

CDS archive(s) not mapped
Compressed class space mapped at: 0x000000000d000000-0x000000004d000000, reserved size: 1073741824
Narrow klass base: 0x0000000000000000, Narrow klass shift: 0, Narrow klass range: 0x4d000000

GC Precious Log:
 CardTable entry size: 512
 Card Set container configuration: InlinePtr #cards 5 size 8 Array Of Cards #cards 10 size 36 Howl #buckets 4 coarsen threshold 1843 Howl Bitmap #cards 512 size 80 coarsen threshold 460 Card regions per heap region 1 cards per card region 2048
 CPUs: 4 total, 4 available
 Memory: 7619M
 Large Page Support: Disabled
 NUMA Support: Disabled
 Compressed Oops: Enabled (32-bit)
 Heap Region Size: 1M
 Heap Min Capacity: 8M
 Heap Initial Capacity: 120M
 Heap Max Capacity: 1906M
 Pre-touch: Disabled
 Parallel Workers: 4
 Concurrent Workers: 1
 Concurrent Refinement Workers: 4
 Periodic GC: Disabled

Heap:
 garbage-first heap   total reserved 1951744K, committed 122880K, used 1024K [0x0000000088e00000, 0x0000000100000000)
  region size 1024K, 2 young (2048K), 0 survivors (0K)
 Metaspace       used 5244K, committed 5440K, reserved 1114112K
  class space    used 419K, committed 512K, reserved 1048576K

Heap Regions: E=young(eden), S=young(survivor), O=old, HS=humongous(starts), HC=humongous(continues), CS=collection set, F=free, TAMS=top-at-mark-start, PB=parsable bottom
|   0|0x0000000088e00000, 0x0000000088e00000, 0x0000000088f00000|  0%| F|  |TAMS 0x0000000088e00000| PB 0x0000000088e00000| Untracked |  0
|   1|0x0000000088f00000, 0x0000000088f00000, 0x0000000089000000|  0%| F|  |TAMS 0x0000000088f00000| PB 0x0000000088f00000| Untracked |  0
|   2|0x0000000089000000, 0x0000000089000000, 0x0000000089100000|  0%| F|  |TAMS 0x0000000089000000| PB 0x0000000089000000| Untracked |  0
|   3|0x0000000089100000, 0x0000000089100000, 0x0000000089200000|  0%| F|  |TAMS 0x0000000089100000| PB 0x0000000089100000| Untracked |  0
|   4|0x0000000089200000, 0x0000000089200000, 0x0000000089300000|  0%| F|  |TAMS 0x0000000089200000| PB 0x0000000089200000| Untracked |  0
|   5|0x0000000089300000, 0x0000000089300000, 0x0000000089400000|  0%| F|  |TAMS 0x0000000089300000| PB 0x0000000089300000| Untracked |  0
|   6|0x0000000089400000, 0x0000000089400000, 0x0000000089500000|  0%| F|  |TAMS 0x0000000089400000| PB 0x0000000089400000| Untracked |  0
|   7|0x0000000089500000, 0x0000000089500000, 0x0000000089600000|  0%| F|  |TAMS 0x0000000089500000| PB 0x0000000089500000| Untracked |  0
|   8|0x0000000089600000, 0x0000000089600000, 0x0000000089700000|  0%| F|  |TAMS 0x0000000089600000| PB 0x0000000089600000| Untracked |  0
|   9|0x0000000089700000, 0x0000000089700000, 0x0000000089800000|  0%| F|  |TAMS 0x0000000089700000| PB 0x0000000089700000| Untracked |  0
|  10|0x0000000089800000, 0x0000000089800000, 0x0000000089900000|  0%| F|  |TAMS 0x0000000089800000| PB 0x0000000089800000| Untracked |  0
|  11|0x0000000089900000, 0x0000000089900000, 0x0000000089a00000|  0%| F|  |TAMS 0x0000000089900000| PB 0x0000000089900000| Untracked |  0
|  12|0x0000000089a00000, 0x0000000089a00000, 0x0000000089b00000|  0%| F|  |TAMS 0x0000000089a00000| PB 0x0000000089a00000| Untracked |  0
|  13|0x0000000089b00000, 0x0000000089b00000, 0x0000000089c00000|  0%| F|  |TAMS 0x0000000089b00000| PB 0x0000000089b00000| Untracked |  0
|  14|0x0000000089c00000, 0x0000000089c00000, 0x0000000089d00000|  0%| F|  |TAMS 0x0000000089c00000| PB 0x0000000089c00000| Untracked |  0
|  15|0x0000000089d00000, 0x0000000089d00000, 0x0000000089e00000|  0%| F|  |TAMS 0x0000000089d00000| PB 0x0000000089d00000| Untracked |  0
|  16|0x0000000089e00000, 0x0000000089e00000, 0x0000000089f00000|  0%| F|  |TAMS 0x0000000089e00000| PB 0x0000000089e00000| Untracked |  0
|  17|0x0000000089f00000, 0x0000000089f00000, 0x000000008a000000|  0%| F|  |TAMS 0x0000000089f00000| PB 0x0000000089f00000| Untracked |  0
|  18|0x000000008a000000, 0x000000008a000000, 0x000000008a100000|  0%| F|  |TAMS 0x000000008a000000| PB 0x000000008a000000| Untracked |  0
|  19|0x000000008a100000, 0x000000008a100000, 0x000000008a200000|  0%| F|  |TAMS 0x000000008a100000| PB 0x000000008a100000| Untracked |  0
|  20|0x000000008a200000, 0x000000008a200000, 0x000000008a300000|  0%| F|  |TAMS 0x000000008a200000| PB 0x000000008a200000| Untracked |  0
|  21|0x000000008a300000, 0x000000008a300000, 0x000000008a400000|  0%| F|  |TAMS 0x000000008a300000| PB 0x000000008a300000| Untracked |  0
|  22|0x000000008a400000, 0x000000008a400000, 0x000000008a500000|  0%| F|  |TAMS 0x000000008a400000| PB 0x000000008a400000| Untracked |  0
|  23|0x000000008a500000, 0x000000008a500000, 0x000000008a600000|  0%| F|  |TAMS 0x000000008a500000| PB 0x000000008a500000| Untracked |  0
|  24|0x000000008a600000, 0x000000008a600000, 0x000000008a700000|  0%| F|  |TAMS 0x000000008a600000| PB 0x000000008a600000| Untracked |  0
|  25|0x000000008a700000, 0x000000008a700000, 0x000000008a800000|  0%| F|  |TAMS 0x000000008a700000| PB 0x000000008a700000| Untracked |  0
|  26|0x000000008a800000, 0x000000008a800000, 0x000000008a900000|  0%| F|  |TAMS 0x000000008a800000| PB 0x000000008a800000| Untracked |  0
|  27|0x000000008a900000, 0x000000008a900000, 0x000000008aa00000|  0%| F|  |TAMS 0x000000008a900000| PB 0x000000008a900000| Untracked |  0
|  28|0x000000008aa00000, 0x000000008aa00000, 0x000000008ab00000|  0%| F|  |TAMS 0x000000008aa00000| PB 0x000000008aa00000| Untracked |  0
|  29|0x000000008ab00000, 0x000000008ab00000, 0x000000008ac00000|  0%| F|  |TAMS 0x000000008ab00000| PB 0x000000008ab00000| Untracked |  0
|  30|0x000000008ac00000, 0x000000008ac00000, 0x000000008ad00000|  0%| F|  |TAMS 0x000000008ac00000| PB 0x000000008ac00000| Untracked |  0
|  31|0x000000008ad00000, 0x000000008ad00000, 0x000000008ae00000|  0%| F|  |TAMS 0x000000008ad00000| PB 0x000000008ad00000| Untracked |  0
|  32|0x000000008ae00000, 0x000000008ae00000, 0x000000008af00000|  0%| F|  |TAMS 0x000000008ae00000| PB 0x000000008ae00000| Untracked |  0
|  33|0x000000008af00000, 0x000000008af00000, 0x000000008b000000|  0%| F|  |TAMS 0x000000008af00000| PB 0x000000008af00000| Untracked |  0
|  34|0x000000008b000000, 0x000000008b000000, 0x000000008b100000|  0%| F|  |TAMS 0x000000008b000000| PB 0x000000008b000000| Untracked |  0
|  35|0x000000008b100000, 0x000000008b100000, 0x000000008b200000|  0%| F|  |TAMS 0x000000008b100000| PB 0x000000008b100000| Untracked |  0
|  36|0x000000008b200000, 0x000000008b200000, 0x000000008b300000|  0%| F|  |TAMS 0x000000008b200000| PB 0x000000008b200000| Untracked |  0
|  37|0x000000008b300000, 0x000000008b300000, 0x000000008b400000|  0%| F|  |TAMS 0x000000008b300000| PB 0x000000008b300000| Untracked |  0
|  38|0x000000008b400000, 0x000000008b400000, 0x000000008b500000|  0%| F|  |TAMS 0x000000008b400000| PB 0x000000008b400000| Untracked |  0
|  39|0x000000008b500000, 0x000000008b500000, 0x000000008b600000|  0%| F|  |TAMS 0x000000008b500000| PB 0x000000008b500000| Untracked |  0
|  40|0x000000008b600000, 0x000000008b600000, 0x000000008b700000|  0%| F|  |TAMS 0x000000008b600000| PB 0x000000008b600000| Untracked |  0
|  41|0x000000008b700000, 0x000000008b700000, 0x000000008b800000|  0%| F|  |TAMS 0x000000008b700000| PB 0x000000008b700000| Untracked |  0
|  42|0x000000008b800000, 0x000000008b800000, 0x000000008b900000|  0%| F|  |TAMS 0x000000008b800000| PB 0x000000008b800000| Untracked |  0
|  43|0x000000008b900000, 0x000000008b900000, 0x000000008ba00000|  0%| F|  |TAMS 0x000000008b900000| PB 0x000000008b900000| Untracked |  0
|  44|0x000000008ba00000, 0x000000008ba00000, 0x000000008bb00000|  0%| F|  |TAMS 0x000000008ba00000| PB 0x000000008ba00000| Untracked |  0
|  45|0x000000008bb00000, 0x000000008bb00000, 0x000000008bc00000|  0%| F|  |TAMS 0x000000008bb00000| PB 0x000000008bb00000| Untracked |  0
|  46|0x000000008bc00000, 0x000000008bc00000, 0x000000008bd00000|  0%| F|  |TAMS 0x000000008bc00000| PB 0x000000008bc00000| Untracked |  0
|  47|0x000000008bd00000, 0x000000008bd00000, 0x000000008be00000|  0%| F|  |TAMS 0x000000008bd00000| PB 0x000000008bd00000| Untracked |  0
|  48|0x000000008be00000, 0x000000008be00000, 0x000000008bf00000|  0%| F|  |TAMS 0x000000008be00000| PB 0x000000008be00000| Untracked |  0
|  49|0x000000008bf00000, 0x000000008bf00000, 0x000000008c000000|  0%| F|  |TAMS 0x000000008bf00000| PB 0x000000008bf00000| Untracked |  0
|  50|0x000000008c000000, 0x000000008c000000, 0x000000008c100000|  0%| F|  |TAMS 0x000000008c000000| PB 0x000000008c000000| Untracked |  0
|  51|0x000000008c100000, 0x000000008c100000, 0x000000008c200000|  0%| F|  |TAMS 0x000000008c100000| PB 0x000000008c100000| Untracked |  0
|  52|0x000000008c200000, 0x000000008c200000, 0x000000008c300000|  0%| F|  |TAMS 0x000000008c200000| PB 0x000000008c200000| Untracked |  0
|  53|0x000000008c300000, 0x000000008c300000, 0x000000008c400000|  0%| F|  |TAMS 0x000000008c300000| PB 0x000000008c300000| Untracked |  0
|  54|0x000000008c400000, 0x000000008c400000, 0x000000008c500000|  0%| F|  |TAMS 0x000000008c400000| PB 0x000000008c400000| Untracked |  0
|  55|0x000000008c500000, 0x000000008c500000, 0x000000008c600000|  0%| F|  |TAMS 0x000000008c500000| PB 0x000000008c500000| Untracked |  0
|  56|0x000000008c600000, 0x000000008c600000, 0x000000008c700000|  0%| F|  |TAMS 0x000000008c600000| PB 0x000000008c600000| Untracked |  0
|  57|0x000000008c700000, 0x000000008c700000, 0x000000008c800000|  0%| F|  |TAMS 0x000000008c700000| PB 0x000000008c700000| Untracked |  0
|  58|0x000000008c800000, 0x000000008c800000, 0x000000008c900000|  0%| F|  |TAMS 0x000000008c800000| PB 0x000000008c800000| Untracked |  0
|  59|0x000000008c900000, 0x000000008c900000, 0x000000008ca00000|  0%| F|  |TAMS 0x000000008c900000| PB 0x000000008c900000| Untracked |  0
|  60|0x000000008ca00000, 0x000000008ca00000, 0x000000008cb00000|  0%| F|  |TAMS 0x000000008ca00000| PB 0x000000008ca00000| Untracked |  0
|  61|0x000000008cb00000, 0x000000008cb00000, 0x000000008cc00000|  0%| F|  |TAMS 0x000000008cb00000| PB 0x000000008cb00000| Untracked |  0
|  62|0x000000008cc00000, 0x000000008cc00000, 0x000000008cd00000|  0%| F|  |TAMS 0x000000008cc00000| PB 0x000000008cc00000| Untracked |  0
|  63|0x000000008cd00000, 0x000000008cd00000, 0x000000008ce00000|  0%| F|  |TAMS 0x000000008cd00000| PB 0x000000008cd00000| Untracked |  0
|  64|0x000000008ce00000, 0x000000008ce00000, 0x000000008cf00000|  0%| F|  |TAMS 0x000000008ce00000| PB 0x000000008ce00000| Untracked |  0
|  65|0x000000008cf00000, 0x000000008cf00000, 0x000000008d000000|  0%| F|  |TAMS 0x000000008cf00000| PB 0x000000008cf00000| Untracked |  0
|  66|0x000000008d000000, 0x000000008d000000, 0x000000008d100000|  0%| F|  |TAMS 0x000000008d000000| PB 0x000000008d000000| Untracked |  0
|  67|0x000000008d100000, 0x000000008d100000, 0x000000008d200000|  0%| F|  |TAMS 0x000000008d100000| PB 0x000000008d100000| Untracked |  0
|  68|0x000000008d200000, 0x000000008d200000, 0x000000008d300000|  0%| F|  |TAMS 0x000000008d200000| PB 0x000000008d200000| Untracked |  0
|  69|0x000000008d300000, 0x000000008d300000, 0x000000008d400000|  0%| F|  |TAMS 0x000000008d300000| PB 0x000000008d300000| Untracked |  0
|  70|0x000000008d400000, 0x000000008d400000, 0x000000008d500000|  0%| F|  |TAMS 0x000000008d400000| PB 0x000000008d400000| Untracked |  0
|  71|0x000000008d500000, 0x000000008d500000, 0x000000008d600000|  0%| F|  |TAMS 0x000000008d500000| PB 0x000000008d500000| Untracked |  0
|  72|0x000000008d600000, 0x000000008d600000, 0x000000008d700000|  0%| F|  |TAMS 0x000000008d600000| PB 0x000000008d600000| Untracked |  0
|  73|0x000000008d700000, 0x000000008d700000, 0x000000008d800000|  0%| F|  |TAMS 0x000000008d700000| PB 0x000000008d700000| Untracked |  0
|  74|0x000000008d800000, 0x000000008d800000, 0x000000008d900000|  0%| F|  |TAMS 0x000000008d800000| PB 0x000000008d800000| Untracked |  0
|  75|0x000000008d900000, 0x000000008d900000, 0x000000008da00000|  0%| F|  |TAMS 0x000000008d900000| PB 0x000000008d900000| Untracked |  0
|  76|0x000000008da00000, 0x000000008da00000, 0x000000008db00000|  0%| F|  |TAMS 0x000000008da00000| PB 0x000000008da00000| Untracked |  0
|  77|0x000000008db00000, 0x000000008db00000, 0x000000008dc00000|  0%| F|  |TAMS 0x000000008db00000| PB 0x000000008db00000| Untracked |  0
|  78|0x000000008dc00000, 0x000000008dc00000, 0x000000008dd00000|  0%| F|  |TAMS 0x000000008dc00000| PB 0x000000008dc00000| Untracked |  0
|  79|0x000000008dd00000, 0x000000008dd00000, 0x000000008de00000|  0%| F|  |TAMS 0x000000008dd00000| PB 0x000000008dd00000| Untracked |  0
|  80|0x000000008de00000, 0x000000008de00000, 0x000000008df00000|  0%| F|  |TAMS 0x000000008de00000| PB 0x000000008de00000| Untracked |  0
|  81|0x000000008df00000, 0x000000008df00000, 0x000000008e000000|  0%| F|  |TAMS 0x000000008df00000| PB 0x000000008df00000| Untracked |  0
|  82|0x000000008e000000, 0x000000008e000000, 0x000000008e100000|  0%| F|  |TAMS 0x000000008e000000| PB 0x000000008e000000| Untracked |  0
|  83|0x000000008e100000, 0x000000008e100000, 0x000000008e200000|  0%| F|  |TAMS 0x000000008e100000| PB 0x000000008e100000| Untracked |  0
|  84|0x000000008e200000, 0x000000008e200000, 0x000000008e300000|  0%| F|  |TAMS 0x000000008e200000| PB 0x000000008e200000| Untracked |  0
|  85|0x000000008e300000, 0x000000008e300000, 0x000000008e400000|  0%| F|  |TAMS 0x000000008e300000| PB 0x000000008e300000| Untracked |  0
|  86|0x000000008e400000, 0x000000008e400000, 0x000000008e500000|  0%| F|  |TAMS 0x000000008e400000| PB 0x000000008e400000| Untracked |  0
|  87|0x000000008e500000, 0x000000008e500000, 0x000000008e600000|  0%| F|  |TAMS 0x000000008e500000| PB 0x000000008e500000| Untracked |  0
|  88|0x000000008e600000, 0x000000008e600000, 0x000000008e700000|  0%| F|  |TAMS 0x000000008e600000| PB 0x000000008e600000| Untracked |  0
|  89|0x000000008e700000, 0x000000008e700000, 0x000000008e800000|  0%| F|  |TAMS 0x000000008e700000| PB 0x000000008e700000| Untracked |  0
|  90|0x000000008e800000, 0x000000008e800000, 0x000000008e900000|  0%| F|  |TAMS 0x000000008e800000| PB 0x000000008e800000| Untracked |  0
|  91|0x000000008e900000, 0x000000008e900000, 0x000000008ea00000|  0%| F|  |TAMS 0x000000008e900000| PB 0x000000008e900000| Untracked |  0
|  92|0x000000008ea00000, 0x000000008ea00000, 0x000000008eb00000|  0%| F|  |TAMS 0x000000008ea00000| PB 0x000000008ea00000| Untracked |  0
|  93|0x000000008eb00000, 0x000000008eb00000, 0x000000008ec00000|  0%| F|  |TAMS 0x000000008eb00000| PB 0x000000008eb00000| Untracked |  0
|  94|0x000000008ec00000, 0x000000008ec00000, 0x000000008ed00000|  0%| F|  |TAMS 0x000000008ec00000| PB 0x000000008ec00000| Untracked |  0
|  95|0x000000008ed00000, 0x000000008ed00000, 0x000000008ee00000|  0%| F|  |TAMS 0x000000008ed00000| PB 0x000000008ed00000| Untracked |  0
|  96|0x000000008ee00000, 0x000000008ee00000, 0x000000008ef00000|  0%| F|  |TAMS 0x000000008ee00000| PB 0x000000008ee00000| Untracked |  0
|  97|0x000000008ef00000, 0x000000008ef00000, 0x000000008f000000|  0%| F|  |TAMS 0x000000008ef00000| PB 0x000000008ef00000| Untracked |  0
|  98|0x000000008f000000, 0x000000008f000000, 0x000000008f100000|  0%| F|  |TAMS 0x000000008f000000| PB 0x000000008f000000| Untracked |  0
|  99|0x000000008f100000, 0x000000008f100000, 0x000000008f200000|  0%| F|  |TAMS 0x000000008f100000| PB 0x000000008f100000| Untracked |  0
| 100|0x000000008f200000, 0x000000008f200000, 0x000000008f300000|  0%| F|  |TAMS 0x000000008f200000| PB 0x000000008f200000| Untracked |  0
| 101|0x000000008f300000, 0x000000008f300000, 0x000000008f400000|  0%| F|  |TAMS 0x000000008f300000| PB 0x000000008f300000| Untracked |  0
| 102|0x000000008f400000, 0x000000008f400000, 0x000000008f500000|  0%| F|  |TAMS 0x000000008f400000| PB 0x000000008f400000| Untracked |  0
| 103|0x000000008f500000, 0x000000008f500000, 0x000000008f600000|  0%| F|  |TAMS 0x000000008f500000| PB 0x000000008f500000| Untracked |  0
| 104|0x000000008f600000, 0x000000008f600000, 0x000000008f700000|  0%| F|  |TAMS 0x000000008f600000| PB 0x000000008f600000| Untracked |  0
| 105|0x000000008f700000, 0x000000008f700000, 0x000000008f800000|  0%| F|  |TAMS 0x000000008f700000| PB 0x000000008f700000| Untracked |  0
| 106|0x000000008f800000, 0x000000008f800000, 0x000000008f900000|  0%| F|  |TAMS 0x000000008f800000| PB 0x000000008f800000| Untracked |  0
| 107|0x000000008f900000, 0x000000008f900000, 0x000000008fa00000|  0%| F|  |TAMS 0x000000008f900000| PB 0x000000008f900000| Untracked |  0
| 108|0x000000008fa00000, 0x000000008fa00000, 0x000000008fb00000|  0%| F|  |TAMS 0x000000008fa00000| PB 0x000000008fa00000| Untracked |  0
| 109|0x000000008fb00000, 0x000000008fb00000, 0x000000008fc00000|  0%| F|  |TAMS 0x000000008fb00000| PB 0x000000008fb00000| Untracked |  0
| 110|0x000000008fc00000, 0x000000008fc00000, 0x000000008fd00000|  0%| F|  |TAMS 0x000000008fc00000| PB 0x000000008fc00000| Untracked |  0
| 111|0x000000008fd00000, 0x000000008fd00000, 0x000000008fe00000|  0%| F|  |TAMS 0x000000008fd00000| PB 0x000000008fd00000| Untracked |  0
| 112|0x000000008fe00000, 0x000000008fe00000, 0x000000008ff00000|  0%| F|  |TAMS 0x000000008fe00000| PB 0x000000008fe00000| Untracked |  0
| 113|0x000000008ff00000, 0x000000008ff00000, 0x0000000090000000|  0%| F|  |TAMS 0x000000008ff00000| PB 0x000000008ff00000| Untracked |  0
| 114|0x0000000090000000, 0x0000000090000000, 0x0000000090100000|  0%| F|  |TAMS 0x0000000090000000| PB 0x0000000090000000| Untracked |  0
| 115|0x0000000090100000, 0x0000000090100000, 0x0000000090200000|  0%| F|  |TAMS 0x0000000090100000| PB 0x0000000090100000| Untracked |  0
| 116|0x0000000090200000, 0x0000000090200000, 0x0000000090300000|  0%| F|  |TAMS 0x0000000090200000| PB 0x0000000090200000| Untracked |  0
| 117|0x0000000090300000, 0x0000000090300000, 0x0000000090400000|  0%| F|  |TAMS 0x0000000090300000| PB 0x0000000090300000| Untracked |  0
| 118|0x0000000090400000, 0x00000000904d7840, 0x0000000090500000| 84%| E|  |TAMS 0x0000000090400000| PB 0x0000000090400000| Complete |  0
| 119|0x0000000090500000, 0x0000000090600000, 0x0000000090600000|100%| E|CS|TAMS 0x0000000090500000| PB 0x0000000090500000| Complete |  0

Card table byte_map: [0x0000020b5ea50000,0x0000020b5ee10000] _byte_map_base: 0x0000020b5e609000

Marking Bits: (CMBitMap*) 0x0000020b46fbc230
 Bits: [0x0000020b5ee10000, 0x0000020b60bd8000)

Polling page: 0x0000020b46720000

Metaspace:

Usage:
  Non-class:      4.71 MB used.
      Class:    419.98 KB used.
       Both:      5.12 MB used.

Virtual space:
  Non-class space:       64.00 MB reserved,       4.81 MB (  8%) committed,  1 nodes.
      Class space:        1.00 GB reserved,     512.00 KB ( <1%) committed,  1 nodes.
             Both:        1.06 GB reserved,       5.31 MB ( <1%) committed. 

Chunk freelists:
   Non-Class:  11.00 MB
       Class:  15.56 MB
        Both:  26.56 MB

MaxMetaspaceSize: unlimited
CompressedClassSpaceSize: 1.00 GB
Initial GC threshold: 21.00 MB
Current GC threshold: 21.00 MB
CDS: off
 - commit_granule_bytes: 65536.
 - commit_granule_words: 8192.
 - virtual_space_node_default_size: 8388608.
 - enlarge_chunks_in_place: 1.
 - use_allocation_guard: 0.


Internal statistics:

num_allocs_failed_limit: 0.
num_arena_births: 6.
num_arena_deaths: 0.
num_vsnodes_births: 2.
num_vsnodes_deaths: 0.
num_space_committed: 85.
num_space_uncommitted: 0.
num_chunks_returned_to_freelist: 0.
num_chunks_taken_from_freelist: 10.
num_chunk_merges: 0.
num_chunk_splits: 6.
num_chunks_enlarged: 2.
num_inconsistent_stats: 0.

CodeHeap 'non-profiled nmethods': size=120064Kb used=33Kb max_used=33Kb free=120031Kb
 bounds [0x0000020b57150000, 0x0000020b573c0000, 0x0000020b5e690000]
CodeHeap 'profiled nmethods': size=120000Kb used=70Kb max_used=70Kb free=119929Kb
 bounds [0x0000020b4f690000, 0x0000020b4f900000, 0x0000020b56bc0000]
CodeHeap 'non-nmethods': size=5696Kb used=1239Kb max_used=1239Kb free=4456Kb
 bounds [0x0000020b56bc0000, 0x0000020b56e30000, 0x0000020b57150000]
CodeCache: size=245760Kb, used=1342Kb, max_used=1342Kb, free=244416Kb
 total_blobs=467, nmethods=100, adapters=273, full_count=0
Compilation: enabled, stopped_count=0, restarted_count=0

Compilation events (20 events):
Event: 0.425 Thread 0x0000020b0404ea40   88       1       java.lang.AbstractStringBuilder::getValue (5 bytes)
Event: 0.425 Thread 0x0000020b0404ea40 nmethod 88 0x0000020b57157508 code [0x0000020b57157620, 0x0000020b571576e8]
Event: 0.428 Thread 0x0000020b0404ea40   89       3       java.lang.invoke.MethodTypeForm::canonicalize (74 bytes)
Event: 0.429 Thread 0x0000020b0404ea40 nmethod 89 0x0000020b4f69eb08 code [0x0000020b4f69ecc0, 0x0000020b4f69f240]
Event: 0.429 Thread 0x0000020b0404ea40   90       3       java.util.concurrent.ConcurrentHashMap::get (162 bytes)
Event: 0.430 Thread 0x0000020b0404ea40 nmethod 90 0x0000020b4f69f288 code [0x0000020b4f69f460, 0x0000020b4f69fe48]
Event: 0.430 Thread 0x0000020b0404ea40   92       3       java.lang.invoke.MethodType::hashCode (53 bytes)
Event: 0.430 Thread 0x0000020b0404ea40 nmethod 92 0x0000020b4f69fe88 code [0x0000020b4f69ffc0, 0x0000020b4f6a0318]
Event: 0.430 Thread 0x0000020b0404ea40   91       3       java.lang.StringBuilder::length (5 bytes)
Event: 0.430 Thread 0x0000020b0404ea40 nmethod 91 0x0000020b4f6a0388 code [0x0000020b4f6a04a0, 0x0000020b4f6a05c0]
Event: 0.430 Thread 0x0000020b0404ea40   94       1       java.lang.invoke.MemberName::getDeclaringClass (5 bytes)
Event: 0.430 Thread 0x0000020b0404ea40 nmethod 94 0x0000020b57157b08 code [0x0000020b57157c20, 0x0000020b57157ce8]
Event: 0.431 Thread 0x0000020b0404ea40   96       3       java.lang.invoke.MethodType::checkSlotCount (33 bytes)
Event: 0.431 Thread 0x0000020b0404ea40 nmethod 96 0x0000020b4f6a0688 code [0x0000020b4f6a0840, 0x0000020b4f6a0e98]
Event: 0.431 Thread 0x0000020b0404ea40   97   !   3       java.lang.ref.NativeReferenceQueue::poll (28 bytes)
Event: 0.431 Thread 0x0000020b0404ea40 nmethod 97 0x0000020b4f6a0f08 code [0x0000020b4f6a1040, 0x0000020b4f6a1420]
Event: 0.431 Thread 0x0000020b0404ea40  100       3       java.lang.StringBuilder::append (8 bytes)
Event: 0.432 Thread 0x0000020b0404ea40 nmethod 100 0x0000020b4f6a1488 code [0x0000020b4f6a15a0, 0x0000020b4f6a16f0]
Event: 0.432 Thread 0x0000020b0404ea40   99       3       java.lang.invoke.MemberName::isInvocable (8 bytes)
Event: 0.432 Thread 0x0000020b0404ea40 nmethod 99 0x0000020b4f6a1788 code [0x0000020b4f6a18a0, 0x0000020b4f6a1a60]

GC Heap History (0 events):
No events

Dll operation events (3 events):
Event: 0.076 Loaded shared library C:\Users\QAH\.jdks\openjdk-23.0.2\bin\java.dll
Event: 0.077 Loaded shared library C:\Users\QAH\.jdks\openjdk-23.0.2\bin\zip.dll
Event: 0.208 Loaded shared library C:\Users\QAH\.jdks\openjdk-23.0.2\bin\jsvml.dll

Deoptimization events (0 events):
No events

Classes loaded (20 events):
Event: 0.427 Loading class jdk/internal/misc/InnocuousThread done
Event: 0.427 Loading class java/util/stream/ReferencePipeline$2
Event: 0.427 Loading class java/util/stream/ReferencePipeline$StatelessOp
Event: 0.428 Loading class java/util/stream/ReferencePipeline$StatelessOp done
Event: 0.428 Loading class java/util/stream/ReferencePipeline$2 done
Event: 0.428 Loading class java/util/concurrent/TimeUnit
Event: 0.428 Loading class java/util/stream/StreamShape
Event: 0.428 Loading class java/util/stream/StreamShape done
Event: 0.428 Loading class java/util/concurrent/TimeUnit done
Event: 0.428 Loading class java/util/concurrent/locks/AbstractQueuedSynchronizer$ExclusiveNode
Event: 0.428 Loading class java/util/concurrent/locks/AbstractQueuedSynchronizer$Node
Event: 0.428 Loading class java/util/concurrent/locks/AbstractQueuedSynchronizer$Node done
Event: 0.428 Loading class java/util/concurrent/locks/AbstractQueuedSynchronizer$ExclusiveNode done
Event: 0.428 Loading class java/util/concurrent/locks/AbstractQueuedSynchronizer$ConditionNode
Event: 0.429 Loading class java/util/concurrent/ForkJoinPool$ManagedBlocker
Event: 0.429 Loading class java/util/concurrent/ForkJoinPool$ManagedBlocker done
Event: 0.429 Loading class java/util/concurrent/locks/AbstractQueuedSynchronizer$ConditionNode done
Event: 0.429 Loading class java/util/stream/ReferencePipeline$3
Event: 0.429 Loading class java/util/stream/ReferencePipeline$3 done
Event: 0.432 Loading class java/util/stream/Collectors

Classes unloaded (0 events):
No events

Classes redefined (0 events):
No events

Internal exceptions (0 events):
No events

VM Operations (0 events):
No events

Memory protections (0 events):
No events

Nmethod flushes (0 events):
No events

Events (10 events):
Event: 0.093 Thread 0x0000020b46f679b0 Thread added: 0x0000020b46f679b0
Event: 0.201 Thread 0x0000020b46f679b0 Thread added: 0x0000020b04044a20
Event: 0.201 Thread 0x0000020b46f679b0 Thread added: 0x0000020b04045740
Event: 0.204 Thread 0x0000020b46f679b0 Thread added: 0x0000020b04051280
Event: 0.204 Thread 0x0000020b46f679b0 Thread added: 0x0000020b04051ce0
Event: 0.204 Thread 0x0000020b46f679b0 Thread added: 0x0000020b040471b0
Event: 0.205 Thread 0x0000020b46f679b0 Thread added: 0x0000020b04049c20
Event: 0.205 Thread 0x0000020b46f679b0 Thread added: 0x0000020b0404df90
Event: 0.205 Thread 0x0000020b46f679b0 Thread added: 0x0000020b0404ea40
Event: 0.427 Thread 0x0000020b46f679b0 Thread added: 0x0000020b63184790


Dynamic libraries:
0x00007ff6d59e0000 - 0x00007ff6d59ee000 	C:\Users\QAH\.jdks\openjdk-23.0.2\bin\java.exe
0x00007ffffc910000 - 0x00007ffffcb08000 	C:\WINDOWS\SYSTEM32\ntdll.dll
0x00007ffffc180000 - 0x00007ffffc242000 	C:\WINDOWS\System32\KERNEL32.DLL
0x00007ffffa2d0000 - 0x00007ffffa5cf000 	C:\WINDOWS\System32\KERNELBASE.dll
0x00007ffffa6a0000 - 0x00007ffffa7a0000 	C:\WINDOWS\System32\ucrtbase.dll
0x00007ffff65e0000 - 0x00007ffff65f7000 	C:\Users\QAH\.jdks\openjdk-23.0.2\bin\jli.dll
0x00007ffffbeb0000 - 0x00007ffffc04d000 	C:\WINDOWS\System32\USER32.dll
0x00007ffffa140000 - 0x00007ffffa162000 	C:\WINDOWS\System32\win32u.dll
0x00007ffffc550000 - 0x00007ffffc57b000 	C:\WINDOWS\System32\GDI32.dll
0x00007ffff9fb0000 - 0x00007ffffa0ca000 	C:\WINDOWS\System32\gdi32full.dll
0x00007ffffa600000 - 0x00007ffffa69d000 	C:\WINDOWS\System32\msvcp_win.dll
0x00007ffff65c0000 - 0x00007ffff65db000 	C:\Users\QAH\.jdks\openjdk-23.0.2\bin\VCRUNTIME140.dll
0x00007fffedcc0000 - 0x00007fffedf5a000 	C:\WINDOWS\WinSxS\amd64_microsoft.windows.common-controls_6595b64144ccf1df_6.0.19041.4355_none_60b8b9eb71f62e16\COMCTL32.dll
0x00007ffffad10000 - 0x00007ffffadae000 	C:\WINDOWS\System32\msvcrt.dll
0x00007ffffb710000 - 0x00007ffffb73f000 	C:\WINDOWS\System32\IMM32.DLL
0x00007ffff6b20000 - 0x00007ffff6b2c000 	C:\Users\QAH\.jdks\openjdk-23.0.2\bin\vcruntime140_1.dll
0x00007ffff5f10000 - 0x00007ffff5f9e000 	C:\Users\QAH\.jdks\openjdk-23.0.2\bin\msvcp140.dll
0x00007fffa9c10000 - 0x00007fffaa960000 	C:\Users\QAH\.jdks\openjdk-23.0.2\bin\server\jvm.dll
0x00007ffffc370000 - 0x00007ffffc41f000 	C:\WINDOWS\System32\ADVAPI32.dll
0x00007ffffb540000 - 0x00007ffffb5df000 	C:\WINDOWS\System32\sechost.dll
0x00007ffffb5e0000 - 0x00007ffffb703000 	C:\WINDOWS\System32\RPCRT4.dll
0x00007ffffa5d0000 - 0x00007ffffa5f7000 	C:\WINDOWS\System32\bcrypt.dll
0x00007ffffc060000 - 0x00007ffffc0cb000 	C:\WINDOWS\System32\WS2_32.dll
0x00007ffff9540000 - 0x00007ffff958b000 	C:\WINDOWS\SYSTEM32\POWRPROF.dll
0x00007fffe5000000 - 0x00007fffe5027000 	C:\WINDOWS\SYSTEM32\WINMM.dll
0x00007ffff38d0000 - 0x00007ffff38da000 	C:\WINDOWS\SYSTEM32\VERSION.dll
0x00007ffff93b0000 - 0x00007ffff93c2000 	C:\WINDOWS\SYSTEM32\UMPDC.dll
0x00007ffff8800000 - 0x00007ffff8812000 	C:\WINDOWS\SYSTEM32\kernel.appcore.dll
0x00007ffff65b0000 - 0x00007ffff65ba000 	C:\Users\QAH\.jdks\openjdk-23.0.2\bin\jimage.dll
0x00007ffff3120000 - 0x00007ffff3304000 	C:\WINDOWS\SYSTEM32\DBGHELP.DLL
0x00007ffff2060000 - 0x00007ffff2094000 	C:\WINDOWS\SYSTEM32\dbgcore.DLL
0x00007ffffa8a0000 - 0x00007ffffa922000 	C:\WINDOWS\System32\bcryptPrimitives.dll
0x00007ffff6580000 - 0x00007ffff658f000 	C:\Users\QAH\.jdks\openjdk-23.0.2\bin\instrument.dll
0x00007ffff6110000 - 0x00007ffff612e000 	C:\Users\QAH\.jdks\openjdk-23.0.2\bin\java.dll
0x00007ffffc420000 - 0x00007ffffc54b000 	C:\WINDOWS\System32\ole32.dll
0x00007ffffa930000 - 0x00007ffffac85000 	C:\WINDOWS\System32\combase.dll
0x00007ffffadd0000 - 0x00007ffffb53d000 	C:\WINDOWS\System32\SHELL32.dll
0x00007ffff60f0000 - 0x00007ffff6107000 	C:\Users\QAH\.jdks\openjdk-23.0.2\bin\zip.dll
0x00007ffff7fe0000 - 0x00007ffff8784000 	C:\WINDOWS\SYSTEM32\windows.storage.dll
0x00007ffff99e0000 - 0x00007ffff9a0b000 	C:\WINDOWS\SYSTEM32\Wldp.dll
0x00007ffffb900000 - 0x00007ffffb9cd000 	C:\WINDOWS\System32\OLEAUT32.dll
0x00007ffffc0d0000 - 0x00007ffffc17d000 	C:\WINDOWS\System32\SHCORE.dll
0x00007ffffb740000 - 0x00007ffffb795000 	C:\WINDOWS\System32\shlwapi.dll
0x00007ffff9ee0000 - 0x00007ffff9f05000 	C:\WINDOWS\SYSTEM32\profapi.dll
0x00007fffb1500000 - 0x00007fffb15d7000 	C:\Users\QAH\.jdks\openjdk-23.0.2\bin\jsvml.dll

dbghelp: loaded successfully - version: 4.0.5 - missing functions: none
symbol engine: initialized successfully - sym options: 0x614 - pdb path: .;C:\Users\QAH\.jdks\openjdk-23.0.2\bin;C:\WINDOWS\SYSTEM32;C:\WINDOWS\WinSxS\amd64_microsoft.windows.common-controls_6595b64144ccf1df_6.0.19041.4355_none_60b8b9eb71f62e16;C:\Users\QAH\.jdks\openjdk-23.0.2\bin\server

VM Arguments:
jvm_args: -ea -Didea.test.cyclic.buffer.size=1048576 -javaagent:C:\Program Files\JetBrains\IntelliJ IDEA Community Edition 2024.3.2.1\lib\idea_rt.jar=6064:C:\Program Files\JetBrains\IntelliJ IDEA Community Edition 2024.3.2.1\bin -javaagent:C:\Users\QAH\AppData\Local\JetBrains\IdeaIC2024.3\captureAgent\debugger-agent.jar -Dkotlinx.coroutines.debug.enable.creation.stack.trace=false -Ddebugger.agent.enable.coroutines=true -Dkotlinx.coroutines.debug.enable.flows.stack.trace=true -Dkotlinx.coroutines.debug.enable.mutable.state.flows.stack.trace=true -Dfile.encoding=UTF-8 -Dsun.stdout.encoding=UTF-8 -Dsun.stderr.encoding=UTF-8 
java_command: com.intellij.rt.testng.RemoteTestNGStarter -usedefaultlisteners false -socket6063 @w@C:\Users\QAH\AppData\Local\Temp\idea_working_dirs_testng.tmp -temp C:\Users\QAH\AppData\Local\Temp\idea_testng.tmp
java_class_path (initial): C:\Program Files\JetBrains\IntelliJ IDEA Community Edition 2024.3.2.1\lib\idea_rt.jar;C:\Program Files\JetBrains\IntelliJ IDEA Community Edition 2024.3.2.1\plugins\testng\lib\testng-rt.jar;C:\Users\QAH\Downloads\POM\SauceDemoAutomation\target\test-classes;C:\Users\QAH\Downloads\POM\SauceDemoAutomation\target\classes;C:\Users\QAH\.m2\repository\org\seleniumhq\selenium\selenium-java\4.27.0\selenium-java-4.27.0.jar;C:\Users\QAH\.m2\repository\org\seleniumhq\selenium\selenium-api\4.27.0\selenium-api-4.27.0.jar;C:\Users\QAH\.m2\repository\org\jspecify\jspecify\1.0.0\jspecify-1.0.0.jar;C:\Users\QAH\.m2\repository\org\seleniumhq\selenium\selenium-chrome-driver\4.27.0\selenium-chrome-driver-4.27.0.jar;C:\Users\QAH\.m2\repository\com\google\auto\service\auto-service-annotations\1.1.1\auto-service-annotations-1.1.1.jar;C:\Users\QAH\.m2\repository\org\seleniumhq\selenium\selenium-chromium-driver\4.27.0\selenium-chromium-driver-4.27.0.jar;C:\Users\QAH\.m2\repository\org\seleniumhq\selenium\selenium-json\4.27.0\selenium-json-4.27.0.jar;C:\Users\QAH\.m2\repository\org\seleniumhq\selenium\selenium-manager\4.27.0\selenium-manager-4.27.0.jar;C:\Users\QAH\.m2\repository\org\seleniumhq\selenium\selenium-devtools-v129\4.27.0\selenium-devtools-v129-4.27.0.jar;C:\Users\QAH\.m2\repository\org\seleniumhq\selenium\selenium-devtools-v130\4.27.0\selenium-devtools-v130-4.27.0.jar;C:\Users\QAH\.m2\repository\org\seleniumhq\selenium\selenium-devtools-v131\4.27.0\selenium-devtools-v131-4.27.0.jar;C:\Users\QAH\.m2\repository\org\seleniumhq\selenium\selenium-devtools-v85\4.27.0\selenium-devtools-v85-4.27.0.jar;C:\Users\QAH\.m2\repository\org\seleniumhq\selenium\selenium-edge-driver\4.27.0\selenium-edge-driver-4.27.0.jar;C:\Users\QAH\.m2\repository\org\seleniumhq\selenium\selenium-firefox-driver\4.27.0\selenium-firefox-driver-4.27.0.jar;C:\Users\QAH\.m2\repository\org\seleniumhq\selenium\selenium-http\4.27.0\selenium-http-4.27.0.jar;C:\Users\QAH\.m2\repository\dev\failsafe\failsafe\3.3.2\failsafe-3.3.2.jar;C:\Users\QAH\.m2\repository\org\seleniumhq\selenium\selenium-ie-driver\4.27.0\selenium-ie-driver-4.27.0.jar;C:\Users\QAH\.m2\repository\org\seleniumhq\selenium\selenium-remote-driver\4.27.0\selenium-remote-driver-4.27.0.jar;C:\Users\QAH\.m2\repository\com\google\guava\guava\33.3.1-jre\guava-33.3.1-jre.jar;C:\Users\QAH\.m2\repository\com\google\guava\failureaccess\1.0.2\failureaccess-1.0.2.jar;C:\Users\QAH\.m2\repository\com\google\guava\listenablefuture\9999.0-empty-to-avoid-conflict-with-guava\listenablefuture-9999.0-empty-to-avoid-conflict-with-guava.jar;C:\Users\QAH\.m2\repository\com\google\code\findbugs\jsr305\3.0.2\jsr305-3.0.2.jar;C:\Users\QAH\.m2\repository\org\checkerframework\checker-qual\3.43.0\checker-qual-3.43.0.jar;C:\Users\QAH\.m2\repository\com\google\errorprone\error_prone_annotations\2.28.0\error_prone_annotations-2.28.0.jar;C:\Users\QAH\.m2\repository\com\google\j2objc\j2objc-annotations\3.0.0\j2objc-annotations-3.0.0.jar;C:\Users\QAH\.m2\repository\io\opentelemetry\semconv\opentelemetry-semconv\1.25.0-alpha\opentelemetry-semconv-1.25.0-alpha.jar;C:\Users\QAH\.m2\repository\io\opentelemetry\opentelemetry-api\1.44.1\opentelemetry-api-1.44.1.jar;C:\Users\QAH\.m2\repository\io\opentelemetry\opentelemetry-context\1.44.1\opentelemetry-context-1.44.1.jar;C:\Users\QAH\.m2\repository\io\opentelemetry\opentelemetry-exporter-logging\1.44.1\opentelemetry-exporter-logging-1.44.1.jar;C:\Users\QAH\.m2\repository\io\opentelemetry\opentelemetry-sdk-common\1.44.1\opentelemetry-sdk-common-1.44.1.jar;C:\Users\QAH\.m2\repository\io\opentelemetry\opentelemetry-sdk-extension-autoconfigure-spi\1.44.1\opentelemetry-sdk-extension-autoconfigure-spi-1.44.1.jar;C:\Users\QAH\.m2\repository\io\opentelemetry\opentelemetry-sdk-extension-autoconfigure\1.44.1\opentelemetry-sdk-extension-autoconfigure-1.44.1.jar;C:\Users\QAH\.m2\repository\io\opentelemetry\opentelemetry-api-incubator\1.44.1-alpha\opentelemetry-api-incubator-1.44.1-alpha.jar;C:\Users\QAH\.m2\repository\io\opentelemetry\opentelemetry-sdk-trace\1.44.1\opentelemetry-sdk-trace-1.44.1.jar;C:\Users\QAH\.m2\repository\io\opentelemetry\opentelemetry-sdk\1.44.1\opentelemetry-sdk-1.44.1.jar;C:\Users\QAH\.m2\repository\io\opentelemetry\opentelemetry-sdk-metrics\1.44.1\opentelemetry-sdk-metrics-1.44.1.jar;C:\Users\QAH\.m2\repository\io\opentelemetry\opentelemetry-sdk-logs\1.44.1\opentelemetry-sdk-logs-1.44.1.jar;C:\Users\QAH\.m2\repository\net\bytebuddy\byte-buddy\1.15.10\byte-buddy-1.15.10.jar;C:\Users\QAH\.m2\repository\org\seleniumhq\selenium\selenium-os\4.27.0\selenium-os-4.27.0.jar;C:\Users\QAH\.m2\repository\org\apache\commons\commons-exec\1.4.0\commons-exec-1.4.0.jar;C:\Users\QAH\.m2\repository\org\seleniumhq\selenium\selenium-safari-driver\4.27.0\selenium-safari-driver-4.27.0.jar;C:\Users\QAH\.m2\repository\org\seleniumhq\selenium\selenium-support\4.27.0\selenium-support-4.27.0.jar;C:\Users\QAH\.m2\repository\org\testng\testng\7.8.0\testng-7.8.0.jar;C:\Users\QAH\.m2\repository\org\slf4j\slf4j-api\1.7.36\slf4j-api-1.7.36.jar;C:\Users\QAH\.m2\repository\com\beust\jcommander\1.82\jcommander-1.82.jar;C:\Users\QAH\.m2\repository\org\webjars\jquery\3.6.1\jquery-3.6.1.jar;C:\Users\QAH\.m2\repository\com\aventstack\extentreports\4.0.9\extentreports-4.0.9.jar;C:\Users\QAH\.m2\repository\org\freemarker\freemarker\2.3.23\freemarker-2.3.23.jar;C:\Users\QAH\.m2\repository\org\mongodb\mongodb-driver\3.3.0\mongodb-driver-3.3.0.jar;C:\Users\QAH\.m2\repository\org\mongodb\mongodb-driver-core\3.3.0\mongodb-driver-core-3.3.0.jar;C:\Users\QAH\.m2\repository\org\mongodb\bson\3.3.0\bson-3.3.0.jar;C:\Users\QAH\.m2\repository\org\apache\httpcomponents\httpclient\4.5.2\httpclient-4.5.2.jar;C:\Users\QAH\.m2\repository\org\apache\httpcomponents\httpcore\4.4.4\httpcore-4.4.4.jar;C:\Users\QAH\.m2\repository\commons-logging\commons-logging\1.2\commons-logging-1.2.jar;C:\Users\QAH\.m2\repository\commons-codec\commons-codec\1.9\commons-codec-1.9.jar;C:\Users\QAH\.m2\repository\org\apache\httpcomponents\httpmime\4.5.2\httpmime-4.5.2.jar;C:\Users\QAH\.m2\repository\com\google\code\gson\gson\2.8.5\gson-2.8.5.jar;C:\Users\QAH\.m2\repository\io\github\bonigarcia\webdrivermanager\5.6.3\webdrivermanager-5.6.3.jar;C:\Users\QAH\.m2\repository\com\github\docker-java\docker-java\3.3.4\docker-java-3.3.4.jar;C:\Users\QAH\.m2\repository\com\github\docker-java\docker-java-core\3.3.4\docker-java-core-3.3.4.jar;C:\Users\QAH\.m2\repository\com\github\docker-java\docker-java-api\3.3.4\docker-java-api-3.3.4.jar;C:\Users\QAH\.m2\repository\com\fasterxml\jackson\core\jackson-annotations\2.10.3\jackson-annotations-2.10.3.jar;C:\Users\QAH\.m2\repository\commons-io\commons-io\2.13.0\commons-io-2.13.0.jar;C:\Users\QAH\.m2\repository\com\fasterxml\jackson\core\jackson-databind\2.10.3\jackson-databind-2.10.3.jar;C:\Users\QAH\.m2\repository\com\fasterxml\jackson\core\jackson-core\2.10.3\jackson-core-2.10.3.jar;C:\Users\QAH\.m2\repository\org\bouncycastle\bcpkix-jdk18on\1.76\bcpkix-jdk18on-1.76.jar;C:\Users\QAH\.m2\repository\org\bouncycastle\bcprov-jdk18on\1.76\bcprov-jdk18on-1.76.jar;C:\Users\QAH\.m2\repository\org\bouncycastle\bcutil-jdk18on\1.76\bcutil-jdk18on-1.76.jar;C:\Users\QAH\.m2\repository\org\slf4j\jcl-over-slf4j\1.7.30\jcl-over-slf4j-1.7.30.jar;C:\Users\QAH\.m2\repository\com\github\docker-java\docker-java-transport-httpclient5\3.3.4\docker-java-transport-httpclient5-3.3.4.jar;C:\Users\QAH\.m2\repository\com\github\docker-java\docker-java-transport\3.3.4\docker-java-transport-3.3.4.jar;C:\Users\QAH\.m2\repository\net\java\dev\jna\jna\5.13.0\jna-5.13.0.jar;C:\Users\QAH\.m2\repository\org\brotli\dec\0.1.2\dec-0.1.2.jar;C:\Users\QAH\.m2\repository\org\apache\commons\commons-lang3\3.14.0\commons-lang3-3.14.0.jar;C:\Users\QAH\.m2\repository\org\apache\commons\commons-compress\1.25.0\commons-compress-1.25.0.jar;C:\Users\QAH\.m2\repository\org\apache\httpcomponents\client5\httpclient5\5.2.1\httpclient5-5.2.1.jar;C:\Users\QAH\.m2\repository\org\apache\httpcomponents\core5\httpcore5\5.2\httpcore5-5.2.jar;C:\Users\QAH\.m2\repository\org\apache\httpcomponents\core5\httpcore5-h2\5.2\httpcore5-h2-5.2.jar
Launcher Type: SUN_STANDARD

[Global flags]
     intx CICompilerCount                          = 3                                         {product} {ergonomic}
     uint ConcGCThreads                            = 1                                         {product} {ergonomic}
     uint G1ConcRefinementThreads                  = 4                                         {product} {ergonomic}
   size_t G1HeapRegionSize                         = 1048576                                   {product} {ergonomic}
   size_t InitialHeapSize                          = 125829120                                 {product} {ergonomic}
   size_t MarkStackSize                            = 4194304                                   {product} {ergonomic}
   size_t MarkStackSizeMax                         = 536870912                                 {product} {ergonomic}
   size_t MaxHeapSize                              = 1998585856                                {product} {ergonomic}
   size_t MaxNewSize                               = 1198522368                                {product} {ergonomic}
   size_t MinHeapDeltaBytes                        = 1048576                                   {product} {ergonomic}
   size_t MinHeapSize                              = 8388608                                   {product} {ergonomic}
    uintx NonNMethodCodeHeapSize                   = 5832704                                {pd product} {ergonomic}
    uintx NonProfiledCodeHeapSize                  = 122945536                              {pd product} {ergonomic}
    uintx ProfiledCodeHeapSize                     = 122880000                              {pd product} {ergonomic}
    uintx ReservedCodeCacheSize                    = 251658240                              {pd product} {ergonomic}
     bool SegmentedCodeCache                       = true                                      {product} {ergonomic}
   size_t SoftMaxHeapSize                          = 1998585856                             {manageable} {ergonomic}
     bool UseCompressedOops                        = true                           {product lp64_product} {ergonomic}
     bool UseG1GC                                  = true                                      {product} {ergonomic}
     bool UseLargePagesIndividualAllocation        = false                                  {pd product} {ergonomic}

Logging:
Log output configuration:
 #0: stdout all=warning uptime,level,tags foldmultilines=false
 #1: stderr all=off uptime,level,tags foldmultilines=false

Environment Variables:
JAVA_HOME=C:\Program Files\Java\jdk-23
PATH=C:\Program Files\Common Files\Oracle\Java\javapath;C:\WINDOWS\system32;C:\WINDOWS;C:\WINDOWS\System32\Wbem;C:\WINDOWS\System32\WindowsPowerShell\v1.0\;C:\WINDOWS\System32\OpenSSH\;C:\Program Files\dotnet\;C:\Program Files\Java\apache-maven-3.9.6\bin;C:\Program Files\nodejs\;C:\Users\HOME\AppData\Local\Android\Sdk\emulator;C:\Users\HOME\AppData\Local\Android\Sdk\tools;C:\Users\HOME\AppData\Local\Android\Sdk\platform-tools;C:\Users\HOME\AppData\Local\Android\Sdk\tools\bin;C:\Program Files\MongoDB\Server\7.0\bin;C:\Program Files\Java\jdk-23\bin;C:\Users\QAH\AppData\Local\Microsoft\WindowsApps;E:\Microsoft VS Code\bin;E:\Alamin\Git\cmd
USERNAME=QAH
OS=Windows_NT
PROCESSOR_IDENTIFIER=Intel64 Family 6 Model 78 Stepping 3, GenuineIntel
TMP=C:\Users\QAH\AppData\Local\Temp
TEMP=C:\Users\QAH\AppData\Local\Temp




Periodic native trim disabled

---------------  S Y S T E M  ---------------

OS:
 Windows 10 , 64 bit Build 19041 (10.0.19041.5438)
OS uptime: 7 days 7:38 hours

CPU: total 4 (initial active 4) (2 cores per cpu, 2 threads per core) family 6 model 78 stepping 3 microcode 0xcc, cx8, cmov, fxsr, ht, mmx, 3dnowpref, sse, sse2, sse3, ssse3, sse4.1, sse4.2, popcnt, lzcnt, tsc, tscinvbit, avx, avx2, aes, erms, clmul, bmi1, bmi2, adx, fma, vzeroupper, clflush, clflushopt, rdtscp, f16c
Processor Information for the first 4 processors :
  Max Mhz: 2400, Current Mhz: 800, Mhz Limit: 792

Memory: 4k page, system-wide physical 7619M (629M free)
TotalPageFile size 10495M (AvailPageFile size 202M)
current process WorkingSet (physical memory assigned to process): 28M, peak: 28M
current process commit charge ("private bytes"): 185M, peak: 188M

vm_info: OpenJDK 64-Bit Server VM (23.0.2+7-58) for windows-amd64 JRE (23.0.2+7-58), built on 2024-11-29T09:34:55Z with MS VC++ 17.6 (VS2022)

END.
