#
# There is insufficient memory for the Java Runtime Environment to continue.
# Native memory allocation (malloc) failed to allocate 1922736 bytes. Error detail: Chunk::new
# Possible reasons:
#   The system is out of physical RAM or swap space
#   This process is running with CompressedOops enabled, and the Java Heap may be blocking the growth of the native heap
# Possible solutions:
#   Reduce memory load on the system
#   Increase physical memory or swap space
#   Check if swap backing store is full
#   Decrease Java heap size (-Xmx/-Xms)
#   Decrease number of Java threads
#   Decrease Java thread stack sizes (-Xss)
#   Set larger code cache with -XX:ReservedCodeCacheSize=
#   JVM is running with Unscaled Compressed Oops mode in which the Java heap is
#     placed in the first 4GB address space. The Java Heap base address is the
#     maximum limit for the native heap growth. Please use -XX:HeapBaseMinAddress
#     to set the Java Heap base and to place the Java Heap above 4GB virtual address.
# This output file may be truncated or incomplete.
#
#  Out of Memory Error (arena.cpp:149), pid=3836, tid=9792
#
# JRE version: OpenJDK Runtime Environment (23.0.2+7) (build 23.0.2+7-58)
# Java VM: OpenJDK 64-Bit Server VM (23.0.2+7-58, mixed mode, sharing, tiered, compressed oops, compressed class ptrs, g1 gc, windows-amd64)
# No core dump will be written. Minidumps are not enabled by default on client versions of Windows
#

---------------  S U M M A R Y ------------

Command Line: -ea -Didea.test.cyclic.buffer.size=1048576 -javaagent:C:\Program Files\JetBrains\IntelliJ IDEA Community Edition 2024.3.2.1\lib\idea_rt.jar=6643:C:\Program Files\JetBrains\IntelliJ IDEA Community Edition 2024.3.2.1\bin -javaagent:C:\Users\QAH\AppData\Local\JetBrains\IdeaIC2024.3\captureAgent\debugger-agent.jar -Dkotlinx.coroutines.debug.enable.creation.stack.trace=false -Ddebugger.agent.enable.coroutines=true -Dkotlinx.coroutines.debug.enable.flows.stack.trace=true -Dkotlinx.coroutines.debug.enable.mutable.state.flows.stack.trace=true -Dfile.encoding=UTF-8 -Dsun.stdout.encoding=UTF-8 -Dsun.stderr.encoding=UTF-8 com.intellij.rt.testng.RemoteTestNGStarter -usedefaultlisteners false -socket6642 @w@C:\Users\QAH\AppData\Local\Temp\idea_working_dirs_testng.tmp -temp C:\Users\QAH\AppData\Local\Temp\idea_testng.tmp

Host: Intel(R) Core(TM) i5-6200U CPU @ 2.30GHz, 4 cores, 7G,  Windows 10 , 64 bit Build 19041 (10.0.19041.5438)
Time: Fri Apr 18 12:55:06 2025 Bangladesh Standard Time elapsed time: 3.015617 seconds (0d 0h 0m 3s)

---------------  T H R E A D  ---------------

Current thread (0x000002d8210d91c0):  JavaThread "C2 CompilerThread0" daemon [_thread_in_native, id=9792, stack(0x000000df5f200000,0x000000df5f300000) (1024K)]


Current CompileTask:
C2:3015 2160       4       java.lang.invoke.MethodType::makeImpl (109 bytes)

Stack: [0x000000df5f200000,0x000000df5f300000]
Native frames: (J=compiled Java code, j=interpreted, Vv=VM code, C=native code)
V  [jvm.dll+0x6e0b99]  (no source info available)
V  [jvm.dll+0x87e2b3]  (no source info available)
V  [jvm.dll+0x88073e]  (no source info available)
V  [jvm.dll+0x880e13]  (no source info available)
V  [jvm.dll+0x27b006]  (no source info available)
V  [jvm.dll+0xbc06f]  (no source info available)
V  [jvm.dll+0xbc2cb]  (no source info available)
V  [jvm.dll+0x3b3c22]  (no source info available)
V  [jvm.dll+0x38a55b]  (no source info available)
V  [jvm.dll+0x3899ca]  (no source info available)
V  [jvm.dll+0x244ba1]  (no source info available)
V  [jvm.dll+0x243eff]  (no source info available)
V  [jvm.dll+0x1c34b0]  (no source info available)
V  [jvm.dll+0x253df1]  (no source info available)
V  [jvm.dll+0x2520aa]  (no source info available)
V  [jvm.dll+0x3ee226]  (no source info available)
V  [jvm.dll+0x8254cb]  (no source info available)
V  [jvm.dll+0x6df345]  (no source info available)
C  [ucrtbase.dll+0x21bb2]  (no source info available)
C  [KERNEL32.DLL+0x17374]  (no source info available)
C  [ntdll.dll+0x4cc91]  (no source info available)

Lock stack of current Java thread (top to bottom):


---------------  P R O C E S S  ---------------

Threads class SMR info:
_java_thread_list=0x000002d8684a3090, length=25, elements={
0x000002d804e6f790, 0x000002d8210bcc60, 0x000002d8210bd980, 0x000002d8210c0710,
0x000002d8210c1170, 0x000002d8210c4380, 0x000002d8210c9d40, 0x000002d8210d91c0,
0x000002d8210db890, 0x000002d8210c75e0, 0x000002d8210c7c70, 0x000002d8210c96b0,
0x000002d867c17f00, 0x000002d867c157a0, 0x000002d867c15e30, 0x000002d867c15110,
0x000002d867c17870, 0x000002d867c16b50, 0x000002d867c164c0, 0x000002d867c18c20,
0x000002d867c19940, 0x000002d86867a800, 0x000002d867c192b0, 0x000002d867c1a660,
0x000002d867c1acf0
}

Java Threads: ( => current thread )
  0x000002d804e6f790 JavaThread "Forwarding newSession on session null to remote"        [_thread_blocked, id=4888, stack(0x000000df5e400000,0x000000df5e500000) (1024K)]
  0x000002d8210bcc60 JavaThread "Reference Handler"          daemon [_thread_blocked, id=4008, stack(0x000000df5ec00000,0x000000df5ed00000) (1024K)]
  0x000002d8210bd980 JavaThread "Finalizer"                  daemon [_thread_blocked, id=1072, stack(0x000000df5ed00000,0x000000df5ee00000) (1024K)]
  0x000002d8210c0710 JavaThread "Signal Dispatcher"          daemon [_thread_blocked, id=14016, stack(0x000000df5ee00000,0x000000df5ef00000) (1024K)]
  0x000002d8210c1170 JavaThread "Attach Listener"            daemon [_thread_blocked, id=14432, stack(0x000000df5ef00000,0x000000df5f000000) (1024K)]
  0x000002d8210c4380 JavaThread "Service Thread"             daemon [_thread_blocked, id=2788, stack(0x000000df5f000000,0x000000df5f100000) (1024K)]
  0x000002d8210c9d40 JavaThread "Monitor Deflation Thread"   daemon [_thread_blocked, id=14516, stack(0x000000df5f100000,0x000000df5f200000) (1024K)]
=>0x000002d8210d91c0 JavaThread "C2 CompilerThread0"         daemon [_thread_in_native, id=9792, stack(0x000000df5f200000,0x000000df5f300000) (1024K)]
  0x000002d8210db890 JavaThread "C1 CompilerThread0"         daemon [_thread_blocked, id=8508, stack(0x000000df5f300000,0x000000df5f400000) (1024K)]
  0x000002d8210c75e0 JavaThread "Common-Cleaner"             daemon [_thread_blocked, id=11740, stack(0x000000df5f400000,0x000000df5f500000) (1024K)]
  0x000002d8210c7c70 JavaThread "Monitor Ctrl-Break"         daemon [_thread_in_native, id=9472, stack(0x000000df5f500000,0x000000df5f600000) (1024K)]
  0x000002d8210c96b0 JavaThread "Notification Thread"        daemon [_thread_blocked, id=12064, stack(0x000000df5f600000,0x000000df5f700000) (1024K)]
  0x000002d867c17f00 JavaThread "ForkJoinPool.commonPool-worker-1" daemon [_thread_blocked, id=14312, stack(0x000000df5f700000,0x000000df5f800000) (1024K)]
  0x000002d867c157a0 JavaThread "HttpClient-1-SelectorManager" daemon [_thread_in_native, id=16044, stack(0x000000df5fb00000,0x000000df5fc00000) (1024K)]
  0x000002d867c15e30 JavaThread "External Process Output Forwarder - C:\Users\QAH\.cache\selenium\chromedriver\win64\134.0.6998.165\chromedriver.exe" daemon [_thread_in_native, id=16104, stack(0x000000df5fc00000,0x000000df5fd00000) (1024K)]
  0x000002d867c15110 JavaThread "Driver Service Executor"    daemon [_thread_blocked, id=6248, stack(0x000000df5fd00000,0x000000df5fe00000) (1024K)]
  0x000002d867c17870 JavaThread "Driver Service Executor"    daemon [_thread_in_native, id=5736, stack(0x000000df5fe00000,0x000000df5ff00000) (1024K)]
  0x000002d867c16b50 JavaThread "UrlChecker-2"               daemon [_thread_blocked, id=2948, stack(0x000000df5ff00000,0x000000df60000000) (1024K)]
  0x000002d867c164c0 JavaThread "Keep-Alive-Timer"           daemon [_thread_blocked, id=10964, stack(0x000000df60100000,0x000000df60200000) (1024K)]
  0x000002d867c18c20 JavaThread "JdkHttpClient-0-0"          daemon [_thread_blocked, id=14804, stack(0x000000df60200000,0x000000df60300000) (1024K)]
  0x000002d867c19940 JavaThread "CompletableFutureDelayScheduler" daemon [_thread_blocked, id=11512, stack(0x000000df60300000,0x000000df60400000) (1024K)]
  0x000002d86867a800 JavaThread "C2 CompilerThread1"         daemon [_thread_blocked, id=5772, stack(0x000000df60400000,0x000000df60500000) (1024K)]
  0x000002d867c192b0 JavaThread "JdkHttpClient-0-1"          daemon [_thread_blocked, id=5432, stack(0x000000df60500000,0x000000df60600000) (1024K)]
  0x000002d867c1a660 JavaThread "JdkHttpClient-0-2"          daemon [_thread_blocked, id=10116, stack(0x000000df60600000,0x000000df60700000) (1024K)]
  0x000002d867c1acf0 JavaThread "JdkHttpClient-0-3"          daemon [_thread_blocked, id=15652, stack(0x000000df60700000,0x000000df60800000) (1024K)]
Total: 25

Other Threads:
  0x000002d8210a23f0 VMThread "VM Thread"                           [id=13804, stack(0x000000df5eb00000,0x000000df5ec00000) (1024K)]
  0x000002d82108fc00 WatcherThread "VM Periodic Task Thread"        [id=14276, stack(0x000000df5ea00000,0x000000df5eb00000) (1024K)]
  0x000002d804ec3930 WorkerThread "GC Thread#0"                     [id=10080, stack(0x000000df5e500000,0x000000df5e600000) (1024K)]
  0x000002d821cd8b90 WorkerThread "GC Thread#1"                     [id=3156, stack(0x000000df5f800000,0x000000df5f900000) (1024K)]
  0x000002d821cd87e0 WorkerThread "GC Thread#2"                     [id=11788, stack(0x000000df5f900000,0x000000df5fa00000) (1024K)]
  0x000002d821cd8f40 WorkerThread "GC Thread#3"                     [id=15244, stack(0x000000df5fa00000,0x000000df5fb00000) (1024K)]
  0x000002d804ed7e70 ConcurrentGCThread "G1 Main Marker"            [id=14260, stack(0x000000df5e600000,0x000000df5e700000) (1024K)]
  0x000002d804ed8890 WorkerThread "G1 Conc#0"                       [id=11348, stack(0x000000df5e700000,0x000000df5e800000) (1024K)]
  0x000002d820f654f0 ConcurrentGCThread "G1 Refine#0"               [id=13764, stack(0x000000df5e800000,0x000000df5e900000) (1024K)]
  0x000002d820f65f80 ConcurrentGCThread "G1 Service"                [id=9444, stack(0x000000df5e900000,0x000000df5ea00000) (1024K)]
Total: 10

Threads with active compile tasks:
C2 CompilerThread0  3137 2160       4       java.lang.invoke.MethodType::makeImpl (109 bytes)
Total: 1

VM state: not at safepoint (normal execution)

VM Mutex/Monitor currently owned by a thread: None

Heap address: 0x0000000088e00000, size: 1906 MB, Compressed Oops mode: 32-bit

CDS archive(s) mapped at: [0x000002d822000000-0x000002d822d70000-0x000002d822d70000), size 14090240, SharedBaseAddress: 0x000002d822000000, ArchiveRelocationMode: 1.
Compressed class space mapped at: 0x000002d823000000-0x000002d863000000, reserved size: 1073741824
Narrow klass base: 0x000002d822000000, Narrow klass shift: 0, Narrow klass range: 0x41000000

GC Precious Log:
 CardTable entry size: 512
 Card Set container configuration: InlinePtr #cards 5 size 8 Array Of Cards #cards 10 size 36 Howl #buckets 4 coarsen threshold 1843 Howl Bitmap #cards 512 size 80 coarsen threshold 460 Card regions per heap region 1 cards per card region 2048
 CPUs: 4 total, 4 available
 Memory: 7619M
 Large Page Support: Disabled
 NUMA Support: Disabled
 Compressed Oops: Enabled (32-bit)
 Heap Region Size: 1M
 Heap Min Capacity: 8M
 Heap Initial Capacity: 120M
 Heap Max Capacity: 1906M
 Pre-touch: Disabled
 Parallel Workers: 4
 Concurrent Workers: 1
 Concurrent Refinement Workers: 4
 Periodic GC: Disabled

Heap:
 garbage-first heap   total reserved 1951744K, committed 122880K, used 31896K [0x0000000088e00000, 0x0000000100000000)
  region size 1024K, 28 young (28672K), 2 survivors (2048K)
 Metaspace       used 18808K, committed 19200K, reserved 1114112K
  class space    used 2217K, committed 2368K, reserved 1048576K

Heap Regions: E=young(eden), S=young(survivor), O=old, HS=humongous(starts), HC=humongous(continues), CS=collection set, F=free, TAMS=top-at-mark-start, PB=parsable bottom
|   0|0x0000000088e00000, 0x0000000088f00000, 0x0000000088f00000|100%|HS|  |TAMS 0x0000000088e00000| PB 0x0000000088e00000| Complete |  0
|   1|0x0000000088f00000, 0x0000000089000000, 0x0000000089000000|100%|HS|  |TAMS 0x0000000088f00000| PB 0x0000000088f00000| Complete |  0
|   2|0x0000000089000000, 0x0000000089100000, 0x0000000089100000|100%| O|  |TAMS 0x0000000089000000| PB 0x0000000089000000| Untracked |  0
|   3|0x0000000089100000, 0x0000000089200000, 0x0000000089200000|100%| O|  |TAMS 0x0000000089100000| PB 0x0000000089100000| Untracked |  0
|   4|0x0000000089200000, 0x0000000089300000, 0x0000000089300000|100%| O|  |TAMS 0x0000000089200000| PB 0x0000000089200000| Untracked |  0
|   5|0x0000000089300000, 0x0000000089400000, 0x0000000089400000|100%| O|  |TAMS 0x0000000089300000| PB 0x0000000089300000| Untracked |  0
|   6|0x0000000089400000, 0x0000000089400000, 0x0000000089500000|  0%| F|  |TAMS 0x0000000089400000| PB 0x0000000089400000| Untracked |  0
|   7|0x0000000089500000, 0x0000000089500000, 0x0000000089600000|  0%| F|  |TAMS 0x0000000089500000| PB 0x0000000089500000| Untracked |  0
|   8|0x0000000089600000, 0x0000000089600000, 0x0000000089700000|  0%| F|  |TAMS 0x0000000089600000| PB 0x0000000089600000| Untracked |  0
|   9|0x0000000089700000, 0x0000000089700000, 0x0000000089800000|  0%| F|  |TAMS 0x0000000089700000| PB 0x0000000089700000| Untracked |  0
|  10|0x0000000089800000, 0x0000000089800000, 0x0000000089900000|  0%| F|  |TAMS 0x0000000089800000| PB 0x0000000089800000| Untracked |  0
|  11|0x0000000089900000, 0x0000000089900000, 0x0000000089a00000|  0%| F|  |TAMS 0x0000000089900000| PB 0x0000000089900000| Untracked |  0
|  12|0x0000000089a00000, 0x0000000089a00000, 0x0000000089b00000|  0%| F|  |TAMS 0x0000000089a00000| PB 0x0000000089a00000| Untracked |  0
|  13|0x0000000089b00000, 0x0000000089b00000, 0x0000000089c00000|  0%| F|  |TAMS 0x0000000089b00000| PB 0x0000000089b00000| Untracked |  0
|  14|0x0000000089c00000, 0x0000000089c00000, 0x0000000089d00000|  0%| F|  |TAMS 0x0000000089c00000| PB 0x0000000089c00000| Untracked |  0
|  15|0x0000000089d00000, 0x0000000089d00000, 0x0000000089e00000|  0%| F|  |TAMS 0x0000000089d00000| PB 0x0000000089d00000| Untracked |  0
|  16|0x0000000089e00000, 0x0000000089e00000, 0x0000000089f00000|  0%| F|  |TAMS 0x0000000089e00000| PB 0x0000000089e00000| Untracked |  0
|  17|0x0000000089f00000, 0x0000000089f00000, 0x000000008a000000|  0%| F|  |TAMS 0x0000000089f00000| PB 0x0000000089f00000| Untracked |  0
|  18|0x000000008a000000, 0x000000008a000000, 0x000000008a100000|  0%| F|  |TAMS 0x000000008a000000| PB 0x000000008a000000| Untracked |  0
|  19|0x000000008a100000, 0x000000008a100000, 0x000000008a200000|  0%| F|  |TAMS 0x000000008a100000| PB 0x000000008a100000| Untracked |  0
|  20|0x000000008a200000, 0x000000008a200000, 0x000000008a300000|  0%| F|  |TAMS 0x000000008a200000| PB 0x000000008a200000| Untracked |  0
|  21|0x000000008a300000, 0x000000008a300000, 0x000000008a400000|  0%| F|  |TAMS 0x000000008a300000| PB 0x000000008a300000| Untracked |  0
|  22|0x000000008a400000, 0x000000008a400000, 0x000000008a500000|  0%| F|  |TAMS 0x000000008a400000| PB 0x000000008a400000| Untracked |  0
|  23|0x000000008a500000, 0x000000008a500000, 0x000000008a600000|  0%| F|  |TAMS 0x000000008a500000| PB 0x000000008a500000| Untracked |  0
|  24|0x000000008a600000, 0x000000008a600000, 0x000000008a700000|  0%| F|  |TAMS 0x000000008a600000| PB 0x000000008a600000| Untracked |  0
|  25|0x000000008a700000, 0x000000008a700000, 0x000000008a800000|  0%| F|  |TAMS 0x000000008a700000| PB 0x000000008a700000| Untracked |  0
|  26|0x000000008a800000, 0x000000008a800000, 0x000000008a900000|  0%| F|  |TAMS 0x000000008a800000| PB 0x000000008a800000| Untracked |  0
|  27|0x000000008a900000, 0x000000008a900000, 0x000000008aa00000|  0%| F|  |TAMS 0x000000008a900000| PB 0x000000008a900000| Untracked |  0
|  28|0x000000008aa00000, 0x000000008aa00000, 0x000000008ab00000|  0%| F|  |TAMS 0x000000008aa00000| PB 0x000000008aa00000| Untracked |  0
|  29|0x000000008ab00000, 0x000000008ab00000, 0x000000008ac00000|  0%| F|  |TAMS 0x000000008ab00000| PB 0x000000008ab00000| Untracked |  0
|  30|0x000000008ac00000, 0x000000008ac00000, 0x000000008ad00000|  0%| F|  |TAMS 0x000000008ac00000| PB 0x000000008ac00000| Untracked |  0
|  31|0x000000008ad00000, 0x000000008ad00000, 0x000000008ae00000|  0%| F|  |  0
|  32